2011/07/14 10:07:19 [error] [php] include(html.php): failed to open stream: No such file or directory (/home/eric/public_html/yii-1.1.8.r3324/framework/YiiBase.php:421)
Stack trace:
#0 /home/eric/public_html/projects/ticket/protected/views/default/index.php(6): spl_autoload_call()
#1 /home/eric/public_html/yii-1.1.8.r3324/framework/web/CBaseController.php(119): require()
#2 /home/eric/public_html/yii-1.1.8.r3324/framework/web/CBaseController.php(88): DefaultController->renderInternal()
#3 /home/eric/public_html/yii-1.1.8.r3324/framework/web/CController.php(866): DefaultController->renderFile()
#4 /home/eric/public_html/yii-1.1.8.r3324/framework/web/CController.php(779): DefaultController->renderPartial()
#5 /home/eric/public_html/projects/ticket/protected/controllers/DefaultController.php(13): DefaultController->render()
#6 /home/eric/public_html/yii-1.1.8.r3324/framework/web/actions/CInlineAction.php(50): DefaultController->actionIndex()
#7 /home/eric/public_html/yii-1.1.8.r3324/framework/web/CController.php(300): CInlineAction->runWithParams()
#8 /home/eric/public_html/yii-1.1.8.r3324/framework/web/CController.php(278): DefaultController->runAction()
#9 /home/eric/public_html/yii-1.1.8.r3324/framework/web/CController.php(257): DefaultController->runActionWithFilters()
#10 /home/eric/public_html/yii-1.1.8.r3324/framework/web/CWebApplication.php(277): DefaultController->run()
#11 /home/eric/public_html/yii-1.1.8.r3324/framework/web/CWebApplication.php(136): CWebApplication->runController()
#12 /home/eric/public_html/yii-1.1.8.r3324/framework/base/CApplication.php(158): CWebApplication->processRequest()
#13 /home/eric/public_html/projects/ticket/index.php(13): CWebApplication->run()
REQUEST_URI=/~eric/projects/ticket/
in /home/eric/public_html/projects/ticket/protected/views/default/index.php (6)
in /home/eric/public_html/projects/ticket/protected/controllers/DefaultController.php (13)
in /home/eric/public_html/projects/ticket/index.php (13)
2011/07/14 10:07:31 [error] [php] include(html.php): failed to open stream: No such file or directory (/home/eric/public_html/yii-1.1.8.r3324/framework/YiiBase.php:421)
Stack trace:
#0 /home/eric/public_html/projects/ticket/protected/views/default/index.php(6): spl_autoload_call()
#1 /home/eric/public_html/yii-1.1.8.r3324/framework/web/CBaseController.php(119): require()
#2 /home/eric/public_html/yii-1.1.8.r3324/framework/web/CBaseController.php(88): DefaultController->renderInternal()
#3 /home/eric/public_html/yii-1.1.8.r3324/framework/web/CController.php(866): DefaultController->renderFile()
#4 /home/eric/public_html/yii-1.1.8.r3324/framework/web/CController.php(779): DefaultController->renderPartial()
#5 /home/eric/public_html/projects/ticket/protected/controllers/DefaultController.php(13): DefaultController->render()
#6 /home/eric/public_html/yii-1.1.8.r3324/framework/web/actions/CInlineAction.php(50): DefaultController->actionIndex()
#7 /home/eric/public_html/yii-1.1.8.r3324/framework/web/CController.php(300): CInlineAction->runWithParams()
#8 /home/eric/public_html/yii-1.1.8.r3324/framework/web/CController.php(278): DefaultController->runAction()
#9 /home/eric/public_html/yii-1.1.8.r3324/framework/web/CController.php(257): DefaultController->runActionWithFilters()
#10 /home/eric/public_html/yii-1.1.8.r3324/framework/web/CWebApplication.php(277): DefaultController->run()
#11 /home/eric/public_html/yii-1.1.8.r3324/framework/web/CWebApplication.php(136): CWebApplication->runController()
#12 /home/eric/public_html/yii-1.1.8.r3324/framework/base/CApplication.php(158): CWebApplication->processRequest()
#13 /home/eric/public_html/projects/ticket/index.php(13): CWebApplication->run()
REQUEST_URI=/~eric/projects/ticket/
in /home/eric/public_html/projects/ticket/protected/views/default/index.php (6)
in /home/eric/public_html/projects/ticket/protected/controllers/DefaultController.php (13)
in /home/eric/public_html/projects/ticket/index.php (13)
2011/07/14 10:10:30 [error] [php] include(html.php): failed to open stream: No such file or directory (/home/eric/public_html/yii-1.1.8.r3324/framework/YiiBase.php:421)
Stack trace:
#0 /home/eric/public_html/projects/ticket/protected/views/site/index.php(4): spl_autoload_call()
#1 /home/eric/public_html/yii-1.1.8.r3324/framework/web/CBaseController.php(119): require()
#2 /home/eric/public_html/yii-1.1.8.r3324/framework/web/CBaseController.php(88): SiteController->renderInternal()
#3 /home/eric/public_html/yii-1.1.8.r3324/framework/web/CController.php(866): SiteController->renderFile()
#4 /home/eric/public_html/yii-1.1.8.r3324/framework/web/CController.php(779): SiteController->renderPartial()
#5 /home/eric/public_html/projects/ticket/protected/controllers/SiteController.php(32): SiteController->render()
#6 /home/eric/public_html/yii-1.1.8.r3324/framework/web/actions/CInlineAction.php(50): SiteController->actionIndex()
#7 /home/eric/public_html/yii-1.1.8.r3324/framework/web/CController.php(300): CInlineAction->runWithParams()
#8 /home/eric/public_html/yii-1.1.8.r3324/framework/web/CController.php(278): SiteController->runAction()
#9 /home/eric/public_html/yii-1.1.8.r3324/framework/web/CController.php(257): SiteController->runActionWithFilters()
#10 /home/eric/public_html/yii-1.1.8.r3324/framework/web/CWebApplication.php(277): SiteController->run()
#11 /home/eric/public_html/yii-1.1.8.r3324/framework/web/CWebApplication.php(136): CWebApplication->runController()
#12 /home/eric/public_html/yii-1.1.8.r3324/framework/base/CApplication.php(158): CWebApplication->processRequest()
#13 /home/eric/public_html/projects/ticket/index.php(13): CWebApplication->run()
REQUEST_URI=/~eric/projects/ticket/site/index
in /home/eric/public_html/projects/ticket/protected/views/site/index.php (4)
in /home/eric/public_html/projects/ticket/protected/controllers/SiteController.php (32)
in /home/eric/public_html/projects/ticket/index.php (13)
2011/07/14 10:27:18 [error] [exception.CException] exception 'CException' with message 'CCaptchaValidator.action "captcha" is invalid. Unable to find such an action in the current controller.' in /home/eric/public_html/yii-1.1.8.r3324/framework/validators/CCaptchaValidator.php:76
Stack trace:
#0 /home/eric/public_html/yii-1.1.8.r3324/framework/validators/CCaptchaValidator.php(92): CCaptchaValidator->getCaptchaAction()
#1 /home/eric/public_html/yii-1.1.8.r3324/framework/web/widgets/CActiveForm.php(470): CCaptchaValidator->clientValidateAttribute(Object(ContactForm), 'verifyCode')
#2 /home/eric/public_html/projects/ticket/protected/views/site/contact.php(69): CActiveForm->error(Object(ContactForm), 'verifyCode')
#3 /home/eric/public_html/yii-1.1.8.r3324/framework/web/CBaseController.php(119): require('/home/eric/publ...')
#4 /home/eric/public_html/yii-1.1.8.r3324/framework/web/CBaseController.php(88): CBaseController->renderInternal('/home/eric/publ...', Array, true)
#5 /home/eric/public_html/yii-1.1.8.r3324/framework/web/CController.php(866): CBaseController->renderFile('/home/eric/publ...', Array, true)
#6 /home/eric/public_html/yii-1.1.8.r3324/framework/web/CController.php(779): CController->renderPartial('contact', Array, true)
#7 /home/eric/public_html/projects/ticket/protected/controllers/SiteController.php(68): CController->render('contact', Array)
#8 /home/eric/public_html/yii-1.1.8.r3324/framework/web/actions/CInlineAction.php(50): SiteController->actionContact()
#9 /home/eric/public_html/yii-1.1.8.r3324/framework/web/CController.php(300): CInlineAction->runWithParams(Array)
#10 /home/eric/public_html/yii-1.1.8.r3324/framework/web/CController.php(278): CController->runAction(Object(CInlineAction))
#11 /home/eric/public_html/yii-1.1.8.r3324/framework/web/CController.php(257): CController->runActionWithFilters(Object(CInlineAction), Array)
#12 /home/eric/public_html/yii-1.1.8.r3324/framework/web/CWebApplication.php(277): CController->run('contact')
#13 /home/eric/public_html/yii-1.1.8.r3324/framework/web/CWebApplication.php(136): CWebApplication->runController('site/contact')
#14 /home/eric/public_html/yii-1.1.8.r3324/framework/base/CApplication.php(158): CWebApplication->processRequest()
#15 /home/eric/public_html/projects/ticket/index.php(13): CApplication->run()
#16 {main} REQUEST_URI=/~eric/projects/ticket/site/contact
2011/07/14 10:33:17 [error] [exception.CHttpException.404] exception 'CHttpException' with message 'The system is unable to find the requested action "page".' in /home/eric/public_html/yii-1.1.8.r3324/framework/web/CController.php:477
Stack trace:
#0 /home/eric/public_html/yii-1.1.8.r3324/framework/web/CController.php(262): CController->missingAction('page')
#1 /home/eric/public_html/yii-1.1.8.r3324/framework/web/CWebApplication.php(277): CController->run('page')
#2 /home/eric/public_html/yii-1.1.8.r3324/framework/web/CWebApplication.php(136): CWebApplication->runController('site/page')
#3 /home/eric/public_html/yii-1.1.8.r3324/framework/base/CApplication.php(158): CWebApplication->processRequest()
#4 /home/eric/public_html/projects/ticket/index.php(13): CApplication->run()
#5 {main} REQUEST_URI=/~eric/projects/ticket/site/page?view=about
2011/07/14 10:33:30 [error] [exception.CHttpException.404] exception 'CHttpException' with message 'The system is unable to find the requested action "page".' in /home/eric/public_html/yii-1.1.8.r3324/framework/web/CController.php:477
Stack trace:
#0 /home/eric/public_html/yii-1.1.8.r3324/framework/web/CController.php(262): CController->missingAction('page')
#1 /home/eric/public_html/yii-1.1.8.r3324/framework/web/CWebApplication.php(277): CController->run('page')
#2 /home/eric/public_html/yii-1.1.8.r3324/framework/web/CWebApplication.php(136): CWebApplication->runController('site/page')
#3 /home/eric/public_html/yii-1.1.8.r3324/framework/base/CApplication.php(158): CWebApplication->processRequest()
#4 /home/eric/public_html/projects/ticket/index.php(13): CApplication->run()
#5 {main} REQUEST_URI=/~eric/projects/ticket/site/page?view=about
2011/07/14 10:33:46 [error] [exception.CHttpException.404] exception 'CHttpException' with message 'The system is unable to find the requested action "pages".' in /home/eric/public_html/yii-1.1.8.r3324/framework/web/CController.php:477
Stack trace:
#0 /home/eric/public_html/yii-1.1.8.r3324/framework/web/CController.php(262): CController->missingAction('pages')
#1 /home/eric/public_html/yii-1.1.8.r3324/framework/web/CWebApplication.php(277): CController->run('pages')
#2 /home/eric/public_html/yii-1.1.8.r3324/framework/web/CWebApplication.php(136): CWebApplication->runController('site/pages')
#3 /home/eric/public_html/yii-1.1.8.r3324/framework/base/CApplication.php(158): CWebApplication->processRequest()
#4 /home/eric/public_html/projects/ticket/index.php(13): CApplication->run()
#5 {main} REQUEST_URI=/~eric/projects/ticket/site/pages
2011/07/14 10:35:09 [error] [exception.CHttpException.404] exception 'CHttpException' with message 'The system is unable to find the requested action "pages".' in /home/eric/public_html/yii-1.1.8.r3324/framework/web/CController.php:477
Stack trace:
#0 /home/eric/public_html/yii-1.1.8.r3324/framework/web/CController.php(262): CController->missingAction('pages')
#1 /home/eric/public_html/yii-1.1.8.r3324/framework/web/CWebApplication.php(277): CController->run('pages')
#2 /home/eric/public_html/yii-1.1.8.r3324/framework/web/CWebApplication.php(136): CWebApplication->runController('site/pages')
#3 /home/eric/public_html/yii-1.1.8.r3324/framework/base/CApplication.php(158): CWebApplication->processRequest()
#4 /home/eric/public_html/projects/ticket/index.php(13): CApplication->run()
#5 {main} REQUEST_URI=/~eric/projects/ticket/site/pages
2011/07/14 10:39:46 [error] [exception.CHttpException.404] exception 'CHttpException' with message 'Unable to resolve the request "ticket".' in /home/eric/public_html/yii-1.1.8.r3324/framework/web/CWebApplication.php:281
Stack trace:
#0 /home/eric/public_html/yii-1.1.8.r3324/framework/web/CWebApplication.php(136): CWebApplication->runController('ticket')
#1 /home/eric/public_html/yii-1.1.8.r3324/framework/base/CApplication.php(158): CWebApplication->processRequest()
#2 /home/eric/public_html/projects/ticket/index.php(13): CApplication->run()
#3 {main} REQUEST_URI=/~eric/projects/ticket/ticket
2011/07/14 10:40:13 [error] [exception.CHttpException.403] exception 'CHttpException' with message 'You are not allowed to access this page.' in /home/eric/public_html/yii-1.1.8.r3324/framework/gii/GiiModule.php:163
Stack trace:
#0 /home/eric/public_html/yii-1.1.8.r3324/framework/web/CController.php(255): GiiModule->beforeControllerAction(Object(DefaultController), Object(CInlineAction))
#1 /home/eric/public_html/yii-1.1.8.r3324/framework/web/CWebApplication.php(277): CController->run('')
#2 /home/eric/public_html/yii-1.1.8.r3324/framework/web/CWebApplication.php(136): CWebApplication->runController('gii')
#3 /home/eric/public_html/yii-1.1.8.r3324/framework/base/CApplication.php(158): CWebApplication->processRequest()
#4 /home/eric/public_html/projects/ticket/index.php(13): CApplication->run()
#5 {main} REQUEST_URI=/~eric/projects/ticket/gii
2011/07/14 10:40:41 [error] [exception.CHttpException.403] exception 'CHttpException' with message 'You are not allowed to access this page.' in /home/eric/public_html/yii-1.1.8.r3324/framework/gii/GiiModule.php:163
Stack trace:
#0 /home/eric/public_html/yii-1.1.8.r3324/framework/web/CController.php(255): GiiModule->beforeControllerAction(Object(DefaultController), Object(CInlineAction))
#1 /home/eric/public_html/yii-1.1.8.r3324/framework/web/CWebApplication.php(277): CController->run('')
#2 /home/eric/public_html/yii-1.1.8.r3324/framework/web/CWebApplication.php(136): CWebApplication->runController('gii')
#3 /home/eric/public_html/yii-1.1.8.r3324/framework/base/CApplication.php(158): CWebApplication->processRequest()
#4 /home/eric/public_html/projects/ticket/index.php(13): CApplication->run()
#5 {main} REQUEST_URI=/~eric/projects/ticket/gii
2011/07/14 10:41:40 [error] [exception.CHttpException.403] exception 'CHttpException' with message 'You are not allowed to access this page.' in /home/eric/public_html/yii-1.1.8.r3324/framework/gii/GiiModule.php:163
Stack trace:
#0 /home/eric/public_html/yii-1.1.8.r3324/framework/web/CController.php(255): GiiModule->beforeControllerAction(Object(DefaultController), Object(CInlineAction))
#1 /home/eric/public_html/yii-1.1.8.r3324/framework/web/CWebApplication.php(277): CController->run('')
#2 /home/eric/public_html/yii-1.1.8.r3324/framework/web/CWebApplication.php(136): CWebApplication->runController('gii')
#3 /home/eric/public_html/yii-1.1.8.r3324/framework/base/CApplication.php(158): CWebApplication->processRequest()
#4 /home/eric/public_html/projects/ticket/index.php(13): CApplication->run()
#5 {main} REQUEST_URI=/~eric/projects/ticket/gii
2011/07/14 10:43:06 [error] [exception.CDbException] exception 'CDbException' with message 'CDbConnection failed to open the DB connection: could not find driver' in /home/eric/public_html/yii-1.1.8.r3324/framework/db/CDbConnection.php:364
Stack trace:
#0 /home/eric/public_html/yii-1.1.8.r3324/framework/db/CDbConnection.php(313): CDbConnection->open()
#1 /home/eric/public_html/yii-1.1.8.r3324/framework/db/CDbConnection.php(291): CDbConnection->setActive(true)
#2 /home/eric/public_html/yii-1.1.8.r3324/framework/base/CModule.php(372): CDbConnection->init()
#3 /home/eric/public_html/yii-1.1.8.r3324/framework/base/CModule.php(86): CModule->getComponent('db')
#4 /home/eric/public_html/yii-1.1.8.r3324/framework/gii/generators/crud/CrudCode.php(44): CModule->__get('db')
#5 /home/eric/public_html/yii-1.1.8.r3324/framework/web/CFormModel.php(40): CrudCode->init()
#6 /home/eric/public_html/yii-1.1.8.r3324/framework/gii/CCodeGenerator.php(149): CFormModel->__construct()
#7 /home/eric/public_html/yii-1.1.8.r3324/framework/gii/CCodeGenerator.php(61): CCodeGenerator->prepare()
#8 /home/eric/public_html/yii-1.1.8.r3324/framework/web/actions/CInlineAction.php(50): CCodeGenerator->actionIndex()
#9 /home/eric/public_html/yii-1.1.8.r3324/framework/web/CController.php(300): CInlineAction->runWithParams(Array)
#10 /home/eric/public_html/yii-1.1.8.r3324/framework/web/CController.php(278): CController->runAction(Object(CInlineAction))
#11 /home/eric/public_html/yii-1.1.8.r3324/framework/web/CController.php(257): CController->runActionWithFilters(Object(CInlineAction), Array)
#12 /home/eric/public_html/yii-1.1.8.r3324/framework/web/CWebApplication.php(277): CController->run('')
#13 /home/eric/public_html/yii-1.1.8.r3324/framework/web/CWebApplication.php(136): CWebApplication->runController('gii/crud')
#14 /home/eric/public_html/yii-1.1.8.r3324/framework/base/CApplication.php(158): CWebApplication->processRequest()
#15 /home/eric/public_html/projects/ticket/index.php(13): CApplication->run()
#16 {main} REQUEST_URI=/~eric/projects/ticket/gii/crud
2011/07/14 10:44:19 [error] [exception.CDbException] exception 'CDbException' with message 'CDbConnection failed to open the DB connection: could not find driver' in /home/eric/public_html/yii-1.1.8.r3324/framework/db/CDbConnection.php:364
Stack trace:
#0 /home/eric/public_html/yii-1.1.8.r3324/framework/db/CDbConnection.php(313): CDbConnection->open()
#1 /home/eric/public_html/yii-1.1.8.r3324/framework/db/CDbConnection.php(291): CDbConnection->setActive(true)
#2 /home/eric/public_html/yii-1.1.8.r3324/framework/base/CModule.php(372): CDbConnection->init()
#3 /home/eric/public_html/yii-1.1.8.r3324/framework/base/CModule.php(477): CModule->getComponent('db')
#4 /home/eric/public_html/yii-1.1.8.r3324/framework/base/CApplication.php(142): CModule->preloadComponents()
#5 /home/eric/public_html/yii-1.1.8.r3324/framework/YiiBase.php(128): CApplication->__construct('/home/eric/publ...')
#6 /home/eric/public_html/yii-1.1.8.r3324/framework/YiiBase.php(100): YiiBase::createApplication('CWebApplication', '/home/eric/publ...')
#7 /home/eric/public_html/projects/ticket/index.php(13): YiiBase::createWebApplication('/home/eric/publ...')
#8 {main} REQUEST_URI=/~eric/projects/ticket/gii/crud
2011/07/14 10:46:37 [error] [exception.CDbException] exception 'CDbException' with message 'CDbConnection failed to open the DB connection: could not find driver' in /home/eric/public_html/yii-1.1.8.r3324/framework/db/CDbConnection.php:364
Stack trace:
#0 /home/eric/public_html/yii-1.1.8.r3324/framework/db/CDbConnection.php(313): CDbConnection->open()
#1 /home/eric/public_html/yii-1.1.8.r3324/framework/db/CDbConnection.php(291): CDbConnection->setActive(true)
#2 /home/eric/public_html/yii-1.1.8.r3324/framework/base/CModule.php(372): CDbConnection->init()
#3 /home/eric/public_html/yii-1.1.8.r3324/framework/base/CModule.php(477): CModule->getComponent('db')
#4 /home/eric/public_html/yii-1.1.8.r3324/framework/base/CApplication.php(142): CModule->preloadComponents()
#5 /home/eric/public_html/yii-1.1.8.r3324/framework/YiiBase.php(128): CApplication->__construct('/home/eric/publ...')
#6 /home/eric/public_html/yii-1.1.8.r3324/framework/YiiBase.php(100): YiiBase::createApplication('CWebApplication', '/home/eric/publ...')
#7 /home/eric/public_html/projects/ticket/index.php(13): YiiBase::createWebApplication('/home/eric/publ...')
#8 {main} REQUEST_URI=/~eric/projects/ticket/gii/crud
2011/07/14 10:46:44 [error] [exception.CDbException] exception 'CDbException' with message 'CDbConnection failed to open the DB connection: could not find driver' in /home/eric/public_html/yii-1.1.8.r3324/framework/db/CDbConnection.php:364
Stack trace:
#0 /home/eric/public_html/yii-1.1.8.r3324/framework/db/CDbConnection.php(313): CDbConnection->open()
#1 /home/eric/public_html/yii-1.1.8.r3324/framework/db/CDbConnection.php(291): CDbConnection->setActive(true)
#2 /home/eric/public_html/yii-1.1.8.r3324/framework/base/CModule.php(372): CDbConnection->init()
#3 /home/eric/public_html/yii-1.1.8.r3324/framework/base/CModule.php(477): CModule->getComponent('db')
#4 /home/eric/public_html/yii-1.1.8.r3324/framework/base/CApplication.php(142): CModule->preloadComponents()
#5 /home/eric/public_html/yii-1.1.8.r3324/framework/YiiBase.php(128): CApplication->__construct('/home/eric/publ...')
#6 /home/eric/public_html/yii-1.1.8.r3324/framework/YiiBase.php(100): YiiBase::createApplication('CWebApplication', '/home/eric/publ...')
#7 /home/eric/public_html/projects/ticket/index.php(13): YiiBase::createWebApplication('/home/eric/publ...')
#8 {main} REQUEST_URI=/~eric/projects/ticket/gii/crud
2011/07/14 10:46:45 [error] [exception.CDbException] exception 'CDbException' with message 'CDbConnection failed to open the DB connection: could not find driver' in /home/eric/public_html/yii-1.1.8.r3324/framework/db/CDbConnection.php:364
Stack trace:
#0 /home/eric/public_html/yii-1.1.8.r3324/framework/db/CDbConnection.php(313): CDbConnection->open()
#1 /home/eric/public_html/yii-1.1.8.r3324/framework/db/CDbConnection.php(291): CDbConnection->setActive(true)
#2 /home/eric/public_html/yii-1.1.8.r3324/framework/base/CModule.php(372): CDbConnection->init()
#3 /home/eric/public_html/yii-1.1.8.r3324/framework/base/CModule.php(477): CModule->getComponent('db')
#4 /home/eric/public_html/yii-1.1.8.r3324/framework/base/CApplication.php(142): CModule->preloadComponents()
#5 /home/eric/public_html/yii-1.1.8.r3324/framework/YiiBase.php(128): CApplication->__construct('/home/eric/publ...')
#6 /home/eric/public_html/yii-1.1.8.r3324/framework/YiiBase.php(100): YiiBase::createApplication('CWebApplication', '/home/eric/publ...')
#7 /home/eric/public_html/projects/ticket/index.php(13): YiiBase::createWebApplication('/home/eric/publ...')
#8 {main} REQUEST_URI=/~eric/projects/ticket/gii/crud
2011/07/14 10:47:01 [error] [exception.CDbException] exception 'CDbException' with message 'CDbConnection failed to open the DB connection: could not find driver' in /home/eric/public_html/yii-1.1.8.r3324/framework/db/CDbConnection.php:364
Stack trace:
#0 /home/eric/public_html/yii-1.1.8.r3324/framework/db/CDbConnection.php(313): CDbConnection->open()
#1 /home/eric/public_html/yii-1.1.8.r3324/framework/db/CDbConnection.php(291): CDbConnection->setActive(true)
#2 /home/eric/public_html/yii-1.1.8.r3324/framework/base/CModule.php(372): CDbConnection->init()
#3 /home/eric/public_html/yii-1.1.8.r3324/framework/base/CModule.php(86): CModule->getComponent('db')
#4 /home/eric/public_html/yii-1.1.8.r3324/framework/gii/generators/crud/CrudCode.php(44): CModule->__get('db')
#5 /home/eric/public_html/yii-1.1.8.r3324/framework/web/CFormModel.php(40): CrudCode->init()
#6 /home/eric/public_html/yii-1.1.8.r3324/framework/gii/CCodeGenerator.php(149): CFormModel->__construct()
#7 /home/eric/public_html/yii-1.1.8.r3324/framework/gii/CCodeGenerator.php(61): CCodeGenerator->prepare()
#8 /home/eric/public_html/yii-1.1.8.r3324/framework/web/actions/CInlineAction.php(50): CCodeGenerator->actionIndex()
#9 /home/eric/public_html/yii-1.1.8.r3324/framework/web/CController.php(300): CInlineAction->runWithParams(Array)
#10 /home/eric/public_html/yii-1.1.8.r3324/framework/web/CController.php(278): CController->runAction(Object(CInlineAction))
#11 /home/eric/public_html/yii-1.1.8.r3324/framework/web/CController.php(257): CController->runActionWithFilters(Object(CInlineAction), Array)
#12 /home/eric/public_html/yii-1.1.8.r3324/framework/web/CWebApplication.php(277): CController->run('')
#13 /home/eric/public_html/yii-1.1.8.r3324/framework/web/CWebApplication.php(136): CWebApplication->runController('gii/crud')
#14 /home/eric/public_html/yii-1.1.8.r3324/framework/base/CApplication.php(158): CWebApplication->processRequest()
#15 /home/eric/public_html/projects/ticket/index.php(13): CApplication->run()
#16 {main} REQUEST_URI=/~eric/projects/ticket/gii/crud
2011/07/14 10:48:14 [error] [exception.CDbException] exception 'CDbException' with message 'CDbConnection failed to open the DB connection: could not find driver' in /home/eric/public_html/yii-1.1.8.r3324/framework/db/CDbConnection.php:364
Stack trace:
#0 /home/eric/public_html/yii-1.1.8.r3324/framework/db/CDbConnection.php(313): CDbConnection->open()
#1 /home/eric/public_html/yii-1.1.8.r3324/framework/db/CDbConnection.php(291): CDbConnection->setActive(true)
#2 /home/eric/public_html/yii-1.1.8.r3324/framework/base/CModule.php(372): CDbConnection->init()
#3 /home/eric/public_html/yii-1.1.8.r3324/framework/base/CModule.php(86): CModule->getComponent('db')
#4 /home/eric/public_html/projects/ticket/protected/controllers/SiteController.php(25): CModule->__get('db')
#5 /home/eric/public_html/yii-1.1.8.r3324/framework/web/actions/CInlineAction.php(50): SiteController->actionIndex()
#6 /home/eric/public_html/yii-1.1.8.r3324/framework/web/CController.php(300): CInlineAction->runWithParams(Array)
#7 /home/eric/public_html/yii-1.1.8.r3324/framework/web/CController.php(278): CController->runAction(Object(CInlineAction))
#8 /home/eric/public_html/yii-1.1.8.r3324/framework/web/CController.php(257): CController->runActionWithFilters(Object(CInlineAction), Array)
#9 /home/eric/public_html/yii-1.1.8.r3324/framework/web/CWebApplication.php(277): CController->run('')
#10 /home/eric/public_html/yii-1.1.8.r3324/framework/web/CWebApplication.php(136): CWebApplication->runController('')
#11 /home/eric/public_html/yii-1.1.8.r3324/framework/base/CApplication.php(158): CWebApplication->processRequest()
#12 /home/eric/public_html/projects/ticket/index.php(13): CApplication->run()
#13 {main} REQUEST_URI=/~eric/projects/ticket/
2011/07/14 10:52:15 [error] [exception.CDbException] exception 'CDbException' with message 'CDbConnection failed to open the DB connection: could not find driver' in /home/eric/public_html/yii-1.1.8.r3324/framework/db/CDbConnection.php:364
Stack trace:
#0 /home/eric/public_html/yii-1.1.8.r3324/framework/db/CDbConnection.php(313): CDbConnection->open()
#1 /home/eric/public_html/yii-1.1.8.r3324/framework/db/CDbConnection.php(291): CDbConnection->setActive(true)
#2 /home/eric/public_html/yii-1.1.8.r3324/framework/base/CModule.php(372): CDbConnection->init()
#3 /home/eric/public_html/yii-1.1.8.r3324/framework/base/CModule.php(86): CModule->getComponent('db')
#4 /home/eric/public_html/projects/ticket/protected/controllers/SiteController.php(25): CModule->__get('db')
#5 /home/eric/public_html/yii-1.1.8.r3324/framework/web/actions/CInlineAction.php(50): SiteController->actionIndex()
#6 /home/eric/public_html/yii-1.1.8.r3324/framework/web/CController.php(300): CInlineAction->runWithParams(Array)
#7 /home/eric/public_html/yii-1.1.8.r3324/framework/web/CController.php(278): CController->runAction(Object(CInlineAction))
#8 /home/eric/public_html/yii-1.1.8.r3324/framework/web/CController.php(257): CController->runActionWithFilters(Object(CInlineAction), Array)
#9 /home/eric/public_html/yii-1.1.8.r3324/framework/web/CWebApplication.php(277): CController->run('')
#10 /home/eric/public_html/yii-1.1.8.r3324/framework/web/CWebApplication.php(136): CWebApplication->runController('')
#11 /home/eric/public_html/yii-1.1.8.r3324/framework/base/CApplication.php(158): CWebApplication->processRequest()
#12 /home/eric/public_html/projects/ticket/index.php(13): CApplication->run()
#13 {main} REQUEST_URI=/~eric/projects/ticket/
2011/07/14 10:53:10 [error] [exception.CDbException] exception 'CDbException' with message 'CDbConnection failed to open the DB connection: could not find driver' in /home/eric/public_html/yii-1.1.8.r3324/framework/db/CDbConnection.php:364
Stack trace:
#0 /home/eric/public_html/yii-1.1.8.r3324/framework/db/CDbConnection.php(313): CDbConnection->open()
#1 /home/eric/public_html/yii-1.1.8.r3324/framework/db/CDbConnection.php(291): CDbConnection->setActive(true)
#2 /home/eric/public_html/yii-1.1.8.r3324/framework/base/CModule.php(372): CDbConnection->init()
#3 /home/eric/public_html/yii-1.1.8.r3324/framework/base/CModule.php(86): CModule->getComponent('db')
#4 /home/eric/public_html/projects/ticket/protected/controllers/SiteController.php(25): CModule->__get('db')
#5 /home/eric/public_html/yii-1.1.8.r3324/framework/web/actions/CInlineAction.php(50): SiteController->actionIndex()
#6 /home/eric/public_html/yii-1.1.8.r3324/framework/web/CController.php(300): CInlineAction->runWithParams(Array)
#7 /home/eric/public_html/yii-1.1.8.r3324/framework/web/CController.php(278): CController->runAction(Object(CInlineAction))
#8 /home/eric/public_html/yii-1.1.8.r3324/framework/web/CController.php(257): CController->runActionWithFilters(Object(CInlineAction), Array)
#9 /home/eric/public_html/yii-1.1.8.r3324/framework/web/CWebApplication.php(277): CController->run('')
#10 /home/eric/public_html/yii-1.1.8.r3324/framework/web/CWebApplication.php(136): CWebApplication->runController('')
#11 /home/eric/public_html/yii-1.1.8.r3324/framework/base/CApplication.php(158): CWebApplication->processRequest()
#12 /home/eric/public_html/projects/ticket/index.php(13): CApplication->run()
#13 {main} REQUEST_URI=/~eric/projects/ticket/
2011/07/14 11:21:46 [error] [system.db.CDbCommand] CDbCommand::fetch() failed: SQLSTATE[HY000]: General error: 25 bind or column index out of range. The SQL statement executed was: SELECT * FROM 'tbl_user' 't' WHERE username=:username LIMIT 1.
in /home/eric/public_html/projects/ticket/protected/components/UserIdentity.php (18)
in /home/eric/public_html/projects/ticket/protected/models/LoginForm.php (52)
in /home/eric/public_html/projects/ticket/protected/controllers/SiteController.php (83)
2011/07/14 11:21:46 [error] [exception.CDbException] exception 'CDbException' with message 'CDbCommand failed to execute the SQL statement: SQLSTATE[HY000]: General error: 25 bind or column index out of range. The SQL statement executed was: SELECT * FROM 'tbl_user' 't' WHERE username=:username LIMIT 1' in /home/eric/public_html/yii-1.1.8.r3324/framework/db/CDbCommand.php:516
Stack trace:
#0 /home/eric/public_html/yii-1.1.8.r3324/framework/db/CDbCommand.php(393): CDbCommand->queryInternal('fetch', Array, Array)
#1 /home/eric/public_html/yii-1.1.8.r3324/framework/db/ar/CActiveRecord.php(1290): CDbCommand->queryRow()
#2 /home/eric/public_html/yii-1.1.8.r3324/framework/db/ar/CActiveRecord.php(1396): CActiveRecord->query(Object(CDbCriteria))
#3 /home/eric/public_html/projects/ticket/protected/components/UserIdentity.php(18): CActiveRecord->find('username=:usern...', Array)
#4 /home/eric/public_html/projects/ticket/protected/models/LoginForm.php(52): UserIdentity->authenticate()
#5 /home/eric/public_html/yii-1.1.8.r3324/framework/validators/CInlineValidator.php(39): LoginForm->authenticate('password', Array)
#6 /home/eric/public_html/yii-1.1.8.r3324/framework/validators/CValidator.php(192): CInlineValidator->validateAttribute(Object(LoginForm), 'password')
#7 /home/eric/public_html/yii-1.1.8.r3324/framework/base/CModel.php(152): CValidator->validate(Object(LoginForm), NULL)
#8 /home/eric/public_html/projects/ticket/protected/controllers/SiteController.php(83): CModel->validate()
#9 /home/eric/public_html/yii-1.1.8.r3324/framework/web/actions/CInlineAction.php(50): SiteController->actionLogin()
#10 /home/eric/public_html/yii-1.1.8.r3324/framework/web/CController.php(300): CInlineAction->runWithParams(Array)
#11 /home/eric/public_html/yii-1.1.8.r3324/framework/web/CController.php(278): CController->runAction(Object(CInlineAction))
#12 /home/eric/public_html/yii-1.1.8.r3324/framework/web/CController.php(257): CController->runActionWithFilters(Object(CInlineAction), Array)
#13 /home/eric/public_html/yii-1.1.8.r3324/framework/web/CWebApplication.php(277): CController->run('login')
#14 /home/eric/public_html/yii-1.1.8.r3324/framework/web/CWebApplication.php(136): CWebApplication->runController('site/login')
#15 /home/eric/public_html/yii-1.1.8.r3324/framework/base/CApplication.php(158): CWebApplication->processRequest()
#16 /home/eric/public_html/projects/ticket/index.php(13): CApplication->run()
#17 {main} REQUEST_URI=/~eric/projects/ticket/site/login
2011/07/14 13:12:39 [error] [system.db.CDbCommand] Error in preparing SQL: SELECT * FROM 'tbl_user' 't' WHERE username=test1 LIMIT 1
in /home/eric/public_html/projects/ticket/protected/components/UserIdentity.php (18)
in /home/eric/public_html/projects/ticket/protected/models/LoginForm.php (52)
in /home/eric/public_html/projects/ticket/protected/controllers/SiteController.php (83)
2011/07/14 13:12:39 [error] [exception.CDbException] exception 'CDbException' with message 'CDbCommand failed to prepare the SQL statement: SQLSTATE[HY000]: General error: 1 no such column: test1' in /home/eric/public_html/yii-1.1.8.r3324/framework/db/CDbCommand.php:199
Stack trace:
#0 /home/eric/public_html/yii-1.1.8.r3324/framework/db/CDbCommand.php(254): CDbCommand->prepare()
#1 /home/eric/public_html/yii-1.1.8.r3324/framework/db/schema/CDbCommandBuilder.php(440): CDbCommand->bindValue(':username', 'test1')
#2 /home/eric/public_html/yii-1.1.8.r3324/framework/db/schema/CDbCommandBuilder.php(98): CDbCommandBuilder->bindValues(Object(CDbCommand), Array)
#3 /home/eric/public_html/yii-1.1.8.r3324/framework/db/ar/CActiveRecord.php(1289): CDbCommandBuilder->createFindCommand(Object(CDbTableSchema), Object(CDbCriteria))
#4 /home/eric/public_html/yii-1.1.8.r3324/framework/db/ar/CActiveRecord.php(1396): CActiveRecord->query(Object(CDbCriteria))
#5 /home/eric/public_html/projects/ticket/protected/components/UserIdentity.php(18): CActiveRecord->find('username=test1', Array)
#6 /home/eric/public_html/projects/ticket/protected/models/LoginForm.php(52): UserIdentity->authenticate()
#7 /home/eric/public_html/yii-1.1.8.r3324/framework/validators/CInlineValidator.php(39): LoginForm->authenticate('password', Array)
#8 /home/eric/public_html/yii-1.1.8.r3324/framework/validators/CValidator.php(192): CInlineValidator->validateAttribute(Object(LoginForm), 'password')
#9 /home/eric/public_html/yii-1.1.8.r3324/framework/base/CModel.php(152): CValidator->validate(Object(LoginForm), NULL)
#10 /home/eric/public_html/projects/ticket/protected/controllers/SiteController.php(83): CModel->validate()
#11 /home/eric/public_html/yii-1.1.8.r3324/framework/web/actions/CInlineAction.php(50): SiteController->actionLogin()
#12 /home/eric/public_html/yii-1.1.8.r3324/framework/web/CController.php(300): CInlineAction->runWithParams(Array)
#13 /home/eric/public_html/yii-1.1.8.r3324/framework/web/CController.php(278): CController->runAction(Object(CInlineAction))
#14 /home/eric/public_html/yii-1.1.8.r3324/framework/web/CController.php(257): CController->runActionWithFilters(Object(CInlineAction), Array)
#15 /home/eric/public_html/yii-1.1.8.r3324/framework/web/CWebApplication.php(277): CController->run('login')
#16 /home/eric/public_html/yii-1.1.8.r3324/framework/web/CWebApplication.php(136): CWebApplication->runController('site/login')
#17 /home/eric/public_html/yii-1.1.8.r3324/framework/base/CApplication.php(158): CWebApplication->processRequest()
#18 /home/eric/public_html/projects/ticket/index.php(13): CApplication->run()
#19 {main} REQUEST_URI=/~eric/projects/ticket/site/login
2011/07/14 13:12:56 [error] [system.db.CDbCommand] CDbCommand::fetch() failed: SQLSTATE[HY000]: General error: 25 bind or column index out of range. The SQL statement executed was: SELECT * FROM 'tbl_user' 't' WHERE username="test1" LIMIT 1.
in /home/eric/public_html/projects/ticket/protected/components/UserIdentity.php (18)
in /home/eric/public_html/projects/ticket/protected/models/LoginForm.php (52)
in /home/eric/public_html/projects/ticket/protected/controllers/SiteController.php (83)
2011/07/14 13:12:56 [error] [exception.CDbException] exception 'CDbException' with message 'CDbCommand failed to execute the SQL statement: SQLSTATE[HY000]: General error: 25 bind or column index out of range. The SQL statement executed was: SELECT * FROM 'tbl_user' 't' WHERE username="test1" LIMIT 1' in /home/eric/public_html/yii-1.1.8.r3324/framework/db/CDbCommand.php:516
Stack trace:
#0 /home/eric/public_html/yii-1.1.8.r3324/framework/db/CDbCommand.php(393): CDbCommand->queryInternal('fetch', Array, Array)
#1 /home/eric/public_html/yii-1.1.8.r3324/framework/db/ar/CActiveRecord.php(1290): CDbCommand->queryRow()
#2 /home/eric/public_html/yii-1.1.8.r3324/framework/db/ar/CActiveRecord.php(1396): CActiveRecord->query(Object(CDbCriteria))
#3 /home/eric/public_html/projects/ticket/protected/components/UserIdentity.php(18): CActiveRecord->find('username="test1...', Array)
#4 /home/eric/public_html/projects/ticket/protected/models/LoginForm.php(52): UserIdentity->authenticate()
#5 /home/eric/public_html/yii-1.1.8.r3324/framework/validators/CInlineValidator.php(39): LoginForm->authenticate('password', Array)
#6 /home/eric/public_html/yii-1.1.8.r3324/framework/validators/CValidator.php(192): CInlineValidator->validateAttribute(Object(LoginForm), 'password')
#7 /home/eric/public_html/yii-1.1.8.r3324/framework/base/CModel.php(152): CValidator->validate(Object(LoginForm), NULL)
#8 /home/eric/public_html/projects/ticket/protected/controllers/SiteController.php(83): CModel->validate()
#9 /home/eric/public_html/yii-1.1.8.r3324/framework/web/actions/CInlineAction.php(50): SiteController->actionLogin()
#10 /home/eric/public_html/yii-1.1.8.r3324/framework/web/CController.php(300): CInlineAction->runWithParams(Array)
#11 /home/eric/public_html/yii-1.1.8.r3324/framework/web/CController.php(278): CController->runAction(Object(CInlineAction))
#12 /home/eric/public_html/yii-1.1.8.r3324/framework/web/CController.php(257): CController->runActionWithFilters(Object(CInlineAction), Array)
#13 /home/eric/public_html/yii-1.1.8.r3324/framework/web/CWebApplication.php(277): CController->run('login')
#14 /home/eric/public_html/yii-1.1.8.r3324/framework/web/CWebApplication.php(136): CWebApplication->runController('site/login')
#15 /home/eric/public_html/yii-1.1.8.r3324/framework/base/CApplication.php(158): CWebApplication->processRequest()
#16 /home/eric/public_html/projects/ticket/index.php(13): CApplication->run()
#17 {main} REQUEST_URI=/~eric/projects/ticket/site/login
2011/07/14 13:18:08 [error] [exception.CHttpException.403] exception 'CHttpException' with message 'You are not authorized to perform this action.' in /home/eric/public_html/yii-1.1.8.r3324/framework/web/auth/CAccessControlFilter.php:158
Stack trace:
#0 /home/eric/public_html/yii-1.1.8.r3324/framework/web/auth/CAccessControlFilter.php(120): CAccessControlFilter->accessDenied(Object(CWebUser), 'You are not aut...')
#1 /home/eric/public_html/yii-1.1.8.r3324/framework/web/filters/CFilter.php(39): CAccessControlFilter->preFilter(Object(CFilterChain))
#2 /home/eric/public_html/yii-1.1.8.r3324/framework/web/CController.php(1144): CFilter->filter(Object(CFilterChain))
#3 /home/eric/public_html/yii-1.1.8.r3324/framework/web/filters/CInlineFilter.php(59): CController->filterAccessControl(Object(CFilterChain))
#4 /home/eric/public_html/yii-1.1.8.r3324/framework/web/filters/CFilterChain.php(131): CInlineFilter->filter(Object(CFilterChain))
#5 /home/eric/public_html/yii-1.1.8.r3324/framework/web/CController.php(283): CFilterChain->run()
#6 /home/eric/public_html/yii-1.1.8.r3324/framework/web/CController.php(257): CController->runActionWithFilters(Object(CInlineAction), Array)
#7 /home/eric/public_html/yii-1.1.8.r3324/framework/web/CWebApplication.php(277): CController->run('admin')
#8 /home/eric/public_html/yii-1.1.8.r3324/framework/web/CWebApplication.php(136): CWebApplication->runController('user/admin')
#9 /home/eric/public_html/yii-1.1.8.r3324/framework/base/CApplication.php(158): CWebApplication->processRequest()
#10 /home/eric/public_html/projects/ticket/index.php(13): CApplication->run()
#11 {main} REQUEST_URI=/~eric/projects/ticket/user/admin
2011/07/14 13:19:28 [error] [exception.CHttpException.404] exception 'CHttpException' with message 'The system is unable to find the requested action "user".' in /home/eric/public_html/yii-1.1.8.r3324/framework/web/CController.php:477
Stack trace:
#0 /home/eric/public_html/yii-1.1.8.r3324/framework/web/CController.php(262): CController->missingAction('user')
#1 /home/eric/public_html/yii-1.1.8.r3324/framework/web/CWebApplication.php(277): CController->run('user')
#2 /home/eric/public_html/yii-1.1.8.r3324/framework/web/CWebApplication.php(136): CWebApplication->runController('site/user')
#3 /home/eric/public_html/yii-1.1.8.r3324/framework/base/CApplication.php(158): CWebApplication->processRequest()
#4 /home/eric/public_html/projects/ticket/index.php(13): CApplication->run()
#5 {main} REQUEST_URI=/~eric/projects/ticket/site/user
2011/07/14 13:22:07 [error] [exception.CHttpException.403] exception 'CHttpException' with message 'You are not authorized to perform this action.' in /home/eric/public_html/yii-1.1.8.r3324/framework/web/auth/CAccessControlFilter.php:158
Stack trace:
#0 /home/eric/public_html/yii-1.1.8.r3324/framework/web/auth/CAccessControlFilter.php(120): CAccessControlFilter->accessDenied(Object(CWebUser), 'You are not aut...')
#1 /home/eric/public_html/yii-1.1.8.r3324/framework/web/filters/CFilter.php(39): CAccessControlFilter->preFilter(Object(CFilterChain))
#2 /home/eric/public_html/yii-1.1.8.r3324/framework/web/CController.php(1144): CFilter->filter(Object(CFilterChain))
#3 /home/eric/public_html/yii-1.1.8.r3324/framework/web/filters/CInlineFilter.php(59): CController->filterAccessControl(Object(CFilterChain))
#4 /home/eric/public_html/yii-1.1.8.r3324/framework/web/filters/CFilterChain.php(131): CInlineFilter->filter(Object(CFilterChain))
#5 /home/eric/public_html/yii-1.1.8.r3324/framework/web/CController.php(283): CFilterChain->run()
#6 /home/eric/public_html/yii-1.1.8.r3324/framework/web/CController.php(257): CController->runActionWithFilters(Object(CInlineAction), Array)
#7 /home/eric/public_html/yii-1.1.8.r3324/framework/web/CWebApplication.php(277): CController->run('index')
#8 /home/eric/public_html/yii-1.1.8.r3324/framework/web/CWebApplication.php(136): CWebApplication->runController('user/index')
#9 /home/eric/public_html/yii-1.1.8.r3324/framework/base/CApplication.php(158): CWebApplication->processRequest()
#10 /home/eric/public_html/projects/ticket/index.php(13): CApplication->run()
#11 {main} REQUEST_URI=/~eric/projects/ticket/user/index
2011/07/14 13:22:11 [error] [exception.CHttpException.403] exception 'CHttpException' with message 'You are not authorized to perform this action.' in /home/eric/public_html/yii-1.1.8.r3324/framework/web/auth/CAccessControlFilter.php:158
Stack trace:
#0 /home/eric/public_html/yii-1.1.8.r3324/framework/web/auth/CAccessControlFilter.php(120): CAccessControlFilter->accessDenied(Object(CWebUser), 'You are not aut...')
#1 /home/eric/public_html/yii-1.1.8.r3324/framework/web/filters/CFilter.php(39): CAccessControlFilter->preFilter(Object(CFilterChain))
#2 /home/eric/public_html/yii-1.1.8.r3324/framework/web/CController.php(1144): CFilter->filter(Object(CFilterChain))
#3 /home/eric/public_html/yii-1.1.8.r3324/framework/web/filters/CInlineFilter.php(59): CController->filterAccessControl(Object(CFilterChain))
#4 /home/eric/public_html/yii-1.1.8.r3324/framework/web/filters/CFilterChain.php(131): CInlineFilter->filter(Object(CFilterChain))
#5 /home/eric/public_html/yii-1.1.8.r3324/framework/web/CController.php(283): CFilterChain->run()
#6 /home/eric/public_html/yii-1.1.8.r3324/framework/web/CController.php(257): CController->runActionWithFilters(Object(CInlineAction), Array)
#7 /home/eric/public_html/yii-1.1.8.r3324/framework/web/CWebApplication.php(277): CController->run('')
#8 /home/eric/public_html/yii-1.1.8.r3324/framework/web/CWebApplication.php(136): CWebApplication->runController('user')
#9 /home/eric/public_html/yii-1.1.8.r3324/framework/base/CApplication.php(158): CWebApplication->processRequest()
#10 /home/eric/public_html/projects/ticket/index.php(13): CApplication->run()
#11 {main} REQUEST_URI=/~eric/projects/ticket/user
2011/07/14 13:22:14 [error] [exception.CHttpException.404] exception 'CHttpException' with message 'The system is unable to find the requested action "search".' in /home/eric/public_html/yii-1.1.8.r3324/framework/web/CController.php:477
Stack trace:
#0 /home/eric/public_html/yii-1.1.8.r3324/framework/web/CController.php(262): CController->missingAction('search')
#1 /home/eric/public_html/yii-1.1.8.r3324/framework/web/CWebApplication.php(277): CController->run('search')
#2 /home/eric/public_html/yii-1.1.8.r3324/framework/web/CWebApplication.php(136): CWebApplication->runController('user/search')
#3 /home/eric/public_html/yii-1.1.8.r3324/framework/base/CApplication.php(158): CWebApplication->processRequest()
#4 /home/eric/public_html/projects/ticket/index.php(13): CApplication->run()
#5 {main} REQUEST_URI=/~eric/projects/ticket/user/search
2011/07/14 13:28:43 [error] [exception.CException] exception 'CException' with message 'Property "CWebUser.username" is not defined.' in /home/eric/public_html/yii-1.1.8.r3324/framework/base/CComponent.php:131
Stack trace:
#0 /home/eric/public_html/yii-1.1.8.r3324/framework/web/auth/CWebUser.php(124): CComponent->__get('username')
#1 /home/eric/public_html/projects/ticket/protected/views/layouts/main.php(33): CWebUser->__get('username')
#2 /home/eric/public_html/yii-1.1.8.r3324/framework/web/CBaseController.php(119): require('/home/eric/publ...')
#3 /home/eric/public_html/yii-1.1.8.r3324/framework/web/CBaseController.php(88): CBaseController->renderInternal('/home/eric/publ...', Array, true)
#4 /home/eric/public_html/yii-1.1.8.r3324/framework/web/widgets/CContentDecorator.php(78): CBaseController->renderFile('/home/eric/publ...', Array, true)
#5 /home/eric/public_html/yii-1.1.8.r3324/framework/web/widgets/CContentDecorator.php(56): CContentDecorator->decorate('<div class="con...')
#6 /home/eric/public_html/yii-1.1.8.r3324/framework/web/widgets/COutputProcessor.php(45): CContentDecorator->processOutput('<div class="con...')
#7 /home/eric/public_html/yii-1.1.8.r3324/framework/web/CBaseController.php(199): COutputProcessor->run()
#8 /home/eric/public_html/yii-1.1.8.r3324/framework/web/CBaseController.php(294): CBaseController->endWidget('CContentDecorat...')
#9 /home/eric/public_html/projects/ticket/protected/views/layouts/column1.php(7): CBaseController->endContent()
#10 /home/eric/public_html/yii-1.1.8.r3324/framework/web/CBaseController.php(119): require('/home/eric/publ...')
#11 /home/eric/public_html/yii-1.1.8.r3324/framework/web/CBaseController.php(88): CBaseController->renderInternal('/home/eric/publ...', Array, true)
#12 /home/eric/public_html/yii-1.1.8.r3324/framework/web/CController.php(781): CBaseController->renderFile('/home/eric/publ...', Array, true)
#13 /home/eric/public_html/projects/ticket/protected/controllers/SiteController.php(87): CController->render('login', Array)
#14 /home/eric/public_html/yii-1.1.8.r3324/framework/web/actions/CInlineAction.php(50): SiteController->actionLogin()
#15 /home/eric/public_html/yii-1.1.8.r3324/framework/web/CController.php(300): CInlineAction->runWithParams(Array)
#16 /home/eric/public_html/yii-1.1.8.r3324/framework/web/CController.php(278): CController->runAction(Object(CInlineAction))
#17 /home/eric/public_html/yii-1.1.8.r3324/framework/web/CController.php(257): CController->runActionWithFilters(Object(CInlineAction), Array)
#18 /home/eric/public_html/yii-1.1.8.r3324/framework/web/CWebApplication.php(277): CController->run('login')
#19 /home/eric/public_html/yii-1.1.8.r3324/framework/web/CWebApplication.php(136): CWebApplication->runController('site/login')
#20 /home/eric/public_html/yii-1.1.8.r3324/framework/base/CApplication.php(158): CWebApplication->processRequest()
#21 /home/eric/public_html/projects/ticket/index.php(13): CApplication->run()
#22 {main} REQUEST_URI=/~eric/projects/ticket/site/login
2011/07/14 14:13:46 [error] [exception.CException] exception 'CException' with message 'Property "Ticket.problem" is not defined.' in /home/eric/public_html/yii-1.1.8.r3324/framework/base/CComponent.php:131
Stack trace:
#0 /home/eric/public_html/yii-1.1.8.r3324/framework/db/ar/CActiveRecord.php(129): CComponent->__get('problem')
#1 /home/eric/public_html/projects/ticket/protected/views/ticket/_view.php(12): CActiveRecord->__get('problem')
#2 /home/eric/public_html/yii-1.1.8.r3324/framework/web/CBaseController.php(119): require('/home/eric/publ...')
#3 /home/eric/public_html/yii-1.1.8.r3324/framework/web/CBaseController.php(88): CBaseController->renderInternal('/home/eric/publ...', Array, true)
#4 /home/eric/public_html/yii-1.1.8.r3324/framework/web/CController.php(866): CBaseController->renderFile('/home/eric/publ...', Array, true)
#5 /home/eric/public_html/yii-1.1.8.r3324/framework/zii/widgets/CListView.php(242): CController->renderPartial('_view', Array)
#6 /home/eric/public_html/yii-1.1.8.r3324/framework/zii/widgets/CBaseListView.php(158): CListView->renderItems()
#7 [internal function]: CBaseListView->renderSection(Array)
#8 /home/eric/public_html/yii-1.1.8.r3324/framework/zii/widgets/CBaseListView.php(141): preg_replace_callback('/{(\w+)}/', Array, '{summary}?{sort...')
#9 /home/eric/public_html/yii-1.1.8.r3324/framework/zii/widgets/CBaseListView.php(126): CBaseListView->renderContent()
#10 /home/eric/public_html/yii-1.1.8.r3324/framework/web/CBaseController.php(166): CBaseListView->run()
#11 /home/eric/public_html/projects/ticket/protected/views/ticket/index.php(17): CBaseController->widget('zii.widgets.CLi...', Array)
#12 /home/eric/public_html/yii-1.1.8.r3324/framework/web/CBaseController.php(119): require('/home/eric/publ...')
#13 /home/eric/public_html/yii-1.1.8.r3324/framework/web/CBaseController.php(88): CBaseController->renderInternal('/home/eric/publ...', Array, true)
#14 /home/eric/public_html/yii-1.1.8.r3324/framework/web/CController.php(866): CBaseController->renderFile('/home/eric/publ...', Array, true)
#15 /home/eric/public_html/yii-1.1.8.r3324/framework/web/CController.php(779): CController->renderPartial('index', Array, true)
#16 /home/eric/public_html/projects/ticket/protected/controllers/TicketController.php(138): CController->render('index', Array)
#17 /home/eric/public_html/yii-1.1.8.r3324/framework/web/actions/CInlineAction.php(50): TicketController->actionIndex()
#18 /home/eric/public_html/yii-1.1.8.r3324/framework/web/CController.php(300): CInlineAction->runWithParams(Array)
#19 /home/eric/public_html/yii-1.1.8.r3324/framework/web/filters/CFilterChain.php(134): CController->runAction(Object(CInlineAction))
#20 /home/eric/public_html/yii-1.1.8.r3324/framework/web/filters/CFilter.php(41): CFilterChain->run()
#21 /home/eric/public_html/yii-1.1.8.r3324/framework/web/CController.php(1144): CFilter->filter(Object(CFilterChain))
#22 /home/eric/public_html/yii-1.1.8.r3324/framework/web/filters/CInlineFilter.php(59): CController->filterAccessControl(Object(CFilterChain))
#23 /home/eric/public_html/yii-1.1.8.r3324/framework/web/filters/CFilterChain.php(131): CInlineFilter->filter(Object(CFilterChain))
#24 /home/eric/public_html/yii-1.1.8.r3324/framework/web/CController.php(283): CFilterChain->run()
#25 /home/eric/public_html/yii-1.1.8.r3324/framework/web/CController.php(257): CController->runActionWithFilters(Object(CInlineAction), Array)
#26 /home/eric/public_html/yii-1.1.8.r3324/framework/web/CWebApplication.php(277): CController->run('')
#27 /home/eric/public_html/yii-1.1.8.r3324/framework/web/CWebApplication.php(136): CWebApplication->runController('ticket')
#28 /home/eric/public_html/yii-1.1.8.r3324/framework/base/CApplication.php(158): CWebApplication->processRequest()
#29 /home/eric/public_html/projects/ticket/index.php(13): CApplication->run()
#30 {main} REQUEST_URI=/~eric/projects/ticket/ticket
2011/07/14 14:14:53 [error] [exception.CException] exception 'CException' with message 'Property "Ticket.problem" is not defined.' in /home/eric/public_html/yii-1.1.8.r3324/framework/base/CComponent.php:131
Stack trace:
#0 /home/eric/public_html/yii-1.1.8.r3324/framework/db/ar/CActiveRecord.php(129): CComponent->__get('problem')
#1 /home/eric/public_html/projects/ticket/protected/views/ticket/_view.php(12): CActiveRecord->__get('problem')
#2 /home/eric/public_html/yii-1.1.8.r3324/framework/web/CBaseController.php(119): require('/home/eric/publ...')
#3 /home/eric/public_html/yii-1.1.8.r3324/framework/web/CBaseController.php(88): CBaseController->renderInternal('/home/eric/publ...', Array, true)
#4 /home/eric/public_html/yii-1.1.8.r3324/framework/web/CController.php(866): CBaseController->renderFile('/home/eric/publ...', Array, true)
#5 /home/eric/public_html/yii-1.1.8.r3324/framework/zii/widgets/CListView.php(242): CController->renderPartial('_view', Array)
#6 /home/eric/public_html/yii-1.1.8.r3324/framework/zii/widgets/CBaseListView.php(158): CListView->renderItems()
#7 [internal function]: CBaseListView->renderSection(Array)
#8 /home/eric/public_html/yii-1.1.8.r3324/framework/zii/widgets/CBaseListView.php(141): preg_replace_callback('/{(\w+)}/', Array, '{summary}?{sort...')
#9 /home/eric/public_html/yii-1.1.8.r3324/framework/zii/widgets/CBaseListView.php(126): CBaseListView->renderContent()
#10 /home/eric/public_html/yii-1.1.8.r3324/framework/web/CBaseController.php(166): CBaseListView->run()
#11 /home/eric/public_html/projects/ticket/protected/views/ticket/index.php(17): CBaseController->widget('zii.widgets.CLi...', Array)
#12 /home/eric/public_html/yii-1.1.8.r3324/framework/web/CBaseController.php(119): require('/home/eric/publ...')
#13 /home/eric/public_html/yii-1.1.8.r3324/framework/web/CBaseController.php(88): CBaseController->renderInternal('/home/eric/publ...', Array, true)
#14 /home/eric/public_html/yii-1.1.8.r3324/framework/web/CController.php(866): CBaseController->renderFile('/home/eric/publ...', Array, true)
#15 /home/eric/public_html/yii-1.1.8.r3324/framework/web/CController.php(779): CController->renderPartial('index', Array, true)
#16 /home/eric/public_html/projects/ticket/protected/controllers/TicketController.php(138): CController->render('index', Array)
#17 /home/eric/public_html/yii-1.1.8.r3324/framework/web/actions/CInlineAction.php(50): TicketController->actionIndex()
#18 /home/eric/public_html/yii-1.1.8.r3324/framework/web/CController.php(300): CInlineAction->runWithParams(Array)
#19 /home/eric/public_html/yii-1.1.8.r3324/framework/web/filters/CFilterChain.php(134): CController->runAction(Object(CInlineAction))
#20 /home/eric/public_html/yii-1.1.8.r3324/framework/web/filters/CFilter.php(41): CFilterChain->run()
#21 /home/eric/public_html/yii-1.1.8.r3324/framework/web/CController.php(1144): CFilter->filter(Object(CFilterChain))
#22 /home/eric/public_html/yii-1.1.8.r3324/framework/web/filters/CInlineFilter.php(59): CController->filterAccessControl(Object(CFilterChain))
#23 /home/eric/public_html/yii-1.1.8.r3324/framework/web/filters/CFilterChain.php(131): CInlineFilter->filter(Object(CFilterChain))
#24 /home/eric/public_html/yii-1.1.8.r3324/framework/web/CController.php(283): CFilterChain->run()
#25 /home/eric/public_html/yii-1.1.8.r3324/framework/web/CController.php(257): CController->runActionWithFilters(Object(CInlineAction), Array)
#26 /home/eric/public_html/yii-1.1.8.r3324/framework/web/CWebApplication.php(277): CController->run('')
#27 /home/eric/public_html/yii-1.1.8.r3324/framework/web/CWebApplication.php(136): CWebApplication->runController('ticket')
#28 /home/eric/public_html/yii-1.1.8.r3324/framework/base/CApplication.php(158): CWebApplication->processRequest()
#29 /home/eric/public_html/projects/ticket/index.php(13): CApplication->run()
#30 {main} REQUEST_URI=/~eric/projects/ticket/ticket
2011/07/14 14:28:54 [error] [exception.CException] exception 'CException' with message 'Property "Ticket.problem" is not defined.' in /home/eric/public_html/yii-1.1.8.r3324/framework/base/CComponent.php:131
Stack trace:
#0 /home/eric/public_html/yii-1.1.8.r3324/framework/db/ar/CActiveRecord.php(129): CComponent->__get('problem')
#1 /home/eric/public_html/projects/ticket/protected/views/ticket/_view.php(12): CActiveRecord->__get('problem')
#2 /home/eric/public_html/yii-1.1.8.r3324/framework/web/CBaseController.php(119): require('/home/eric/publ...')
#3 /home/eric/public_html/yii-1.1.8.r3324/framework/web/CBaseController.php(88): CBaseController->renderInternal('/home/eric/publ...', Array, true)
#4 /home/eric/public_html/yii-1.1.8.r3324/framework/web/CController.php(866): CBaseController->renderFile('/home/eric/publ...', Array, true)
#5 /home/eric/public_html/yii-1.1.8.r3324/framework/zii/widgets/CListView.php(242): CController->renderPartial('_view', Array)
#6 /home/eric/public_html/yii-1.1.8.r3324/framework/zii/widgets/CBaseListView.php(158): CListView->renderItems()
#7 [internal function]: CBaseListView->renderSection(Array)
#8 /home/eric/public_html/yii-1.1.8.r3324/framework/zii/widgets/CBaseListView.php(141): preg_replace_callback('/{(\w+)}/', Array, '{summary}?{sort...')
#9 /home/eric/public_html/yii-1.1.8.r3324/framework/zii/widgets/CBaseListView.php(126): CBaseListView->renderContent()
#10 /home/eric/public_html/yii-1.1.8.r3324/framework/web/CBaseController.php(166): CBaseListView->run()
#11 /home/eric/public_html/projects/ticket/protected/views/ticket/index.php(17): CBaseController->widget('zii.widgets.CLi...', Array)
#12 /home/eric/public_html/yii-1.1.8.r3324/framework/web/CBaseController.php(119): require('/home/eric/publ...')
#13 /home/eric/public_html/yii-1.1.8.r3324/framework/web/CBaseController.php(88): CBaseController->renderInternal('/home/eric/publ...', Array, true)
#14 /home/eric/public_html/yii-1.1.8.r3324/framework/web/CController.php(866): CBaseController->renderFile('/home/eric/publ...', Array, true)
#15 /home/eric/public_html/yii-1.1.8.r3324/framework/web/CController.php(779): CController->renderPartial('index', Array, true)
#16 /home/eric/public_html/projects/ticket/protected/controllers/TicketController.php(138): CController->render('index', Array)
#17 /home/eric/public_html/yii-1.1.8.r3324/framework/web/actions/CInlineAction.php(50): TicketController->actionIndex()
#18 /home/eric/public_html/yii-1.1.8.r3324/framework/web/CController.php(300): CInlineAction->runWithParams(Array)
#19 /home/eric/public_html/yii-1.1.8.r3324/framework/web/filters/CFilterChain.php(134): CController->runAction(Object(CInlineAction))
#20 /home/eric/public_html/yii-1.1.8.r3324/framework/web/filters/CFilter.php(41): CFilterChain->run()
#21 /home/eric/public_html/yii-1.1.8.r3324/framework/web/CController.php(1144): CFilter->filter(Object(CFilterChain))
#22 /home/eric/public_html/yii-1.1.8.r3324/framework/web/filters/CInlineFilter.php(59): CController->filterAccessControl(Object(CFilterChain))
#23 /home/eric/public_html/yii-1.1.8.r3324/framework/web/filters/CFilterChain.php(131): CInlineFilter->filter(Object(CFilterChain))
#24 /home/eric/public_html/yii-1.1.8.r3324/framework/web/CController.php(283): CFilterChain->run()
#25 /home/eric/public_html/yii-1.1.8.r3324/framework/web/CController.php(257): CController->runActionWithFilters(Object(CInlineAction), Array)
#26 /home/eric/public_html/yii-1.1.8.r3324/framework/web/CWebApplication.php(277): CController->run('')
#27 /home/eric/public_html/yii-1.1.8.r3324/framework/web/CWebApplication.php(136): CWebApplication->runController('ticket')
#28 /home/eric/public_html/yii-1.1.8.r3324/framework/base/CApplication.php(158): CWebApplication->processRequest()
#29 /home/eric/public_html/projects/ticket/index.php(13): CApplication->run()
#30 {main} REQUEST_URI=/~eric/projects/ticket/ticket
2011/07/14 14:30:11 [error] [exception.CHttpException.403] exception 'CHttpException' in /home/eric/public_html/projects/ticket/protected/controllers/TicketController.php:56
Stack trace:
#0 [internal function]: TicketController->actionView('1')
#1 /home/eric/public_html/yii-1.1.8.r3324/framework/web/actions/CAction.php(104): ReflectionMethod->invokeArgs(Object(TicketController), Array)
#2 /home/eric/public_html/yii-1.1.8.r3324/framework/web/actions/CInlineAction.php(48): CAction->runWithParamsInternal(Object(TicketController), Object(ReflectionMethod), Array)
#3 /home/eric/public_html/yii-1.1.8.r3324/framework/web/CController.php(300): CInlineAction->runWithParams(Array)
#4 /home/eric/public_html/yii-1.1.8.r3324/framework/web/filters/CFilterChain.php(134): CController->runAction(Object(CInlineAction))
#5 /home/eric/public_html/yii-1.1.8.r3324/framework/web/filters/CFilter.php(41): CFilterChain->run()
#6 /home/eric/public_html/yii-1.1.8.r3324/framework/web/CController.php(1144): CFilter->filter(Object(CFilterChain))
#7 /home/eric/public_html/yii-1.1.8.r3324/framework/web/filters/CInlineFilter.php(59): CController->filterAccessControl(Object(CFilterChain))
#8 /home/eric/public_html/yii-1.1.8.r3324/framework/web/filters/CFilterChain.php(131): CInlineFilter->filter(Object(CFilterChain))
#9 /home/eric/public_html/yii-1.1.8.r3324/framework/web/CController.php(283): CFilterChain->run()
#10 /home/eric/public_html/yii-1.1.8.r3324/framework/web/CController.php(257): CController->runActionWithFilters(Object(CInlineAction), Array)
#11 /home/eric/public_html/yii-1.1.8.r3324/framework/web/CWebApplication.php(277): CController->run('view')
#12 /home/eric/public_html/yii-1.1.8.r3324/framework/web/CWebApplication.php(136): CWebApplication->runController('ticket/view')
#13 /home/eric/public_html/yii-1.1.8.r3324/framework/base/CApplication.php(158): CWebApplication->processRequest()
#14 /home/eric/public_html/projects/ticket/index.php(13): CApplication->run()
#15 {main} REQUEST_URI=/~eric/projects/ticket/ticket/1
2011/07/14 14:30:35 [error] [exception.CHttpException.403] exception 'CHttpException' with message 'You do not have permission to access this page.' in /home/eric/public_html/projects/ticket/protected/controllers/TicketController.php:56
Stack trace:
#0 [internal function]: TicketController->actionView('1')
#1 /home/eric/public_html/yii-1.1.8.r3324/framework/web/actions/CAction.php(104): ReflectionMethod->invokeArgs(Object(TicketController), Array)
#2 /home/eric/public_html/yii-1.1.8.r3324/framework/web/actions/CInlineAction.php(48): CAction->runWithParamsInternal(Object(TicketController), Object(ReflectionMethod), Array)
#3 /home/eric/public_html/yii-1.1.8.r3324/framework/web/CController.php(300): CInlineAction->runWithParams(Array)
#4 /home/eric/public_html/yii-1.1.8.r3324/framework/web/filters/CFilterChain.php(134): CController->runAction(Object(CInlineAction))
#5 /home/eric/public_html/yii-1.1.8.r3324/framework/web/filters/CFilter.php(41): CFilterChain->run()
#6 /home/eric/public_html/yii-1.1.8.r3324/framework/web/CController.php(1144): CFilter->filter(Object(CFilterChain))
#7 /home/eric/public_html/yii-1.1.8.r3324/framework/web/filters/CInlineFilter.php(59): CController->filterAccessControl(Object(CFilterChain))
#8 /home/eric/public_html/yii-1.1.8.r3324/framework/web/filters/CFilterChain.php(131): CInlineFilter->filter(Object(CFilterChain))
#9 /home/eric/public_html/yii-1.1.8.r3324/framework/web/CController.php(283): CFilterChain->run()
#10 /home/eric/public_html/yii-1.1.8.r3324/framework/web/CController.php(257): CController->runActionWithFilters(Object(CInlineAction), Array)
#11 /home/eric/public_html/yii-1.1.8.r3324/framework/web/CWebApplication.php(277): CController->run('view')
#12 /home/eric/public_html/yii-1.1.8.r3324/framework/web/CWebApplication.php(136): CWebApplication->runController('ticket/view')
#13 /home/eric/public_html/yii-1.1.8.r3324/framework/base/CApplication.php(158): CWebApplication->processRequest()
#14 /home/eric/public_html/projects/ticket/index.php(13): CApplication->run()
#15 {main} REQUEST_URI=/~eric/projects/ticket/ticket/1
2011/07/14 14:37:38 [error] [exception.CHttpException.404] exception 'CHttpException' with message 'The system is unable to find the requested action "find".' in /home/eric/public_html/yii-1.1.8.r3324/framework/web/CController.php:477
Stack trace:
#0 /home/eric/public_html/yii-1.1.8.r3324/framework/web/CController.php(262): CController->missingAction('find')
#1 /home/eric/public_html/yii-1.1.8.r3324/framework/web/CWebApplication.php(277): CController->run('find')
#2 /home/eric/public_html/yii-1.1.8.r3324/framework/web/CWebApplication.php(136): CWebApplication->runController('ticket/find')
#3 /home/eric/public_html/yii-1.1.8.r3324/framework/base/CApplication.php(158): CWebApplication->processRequest()
#4 /home/eric/public_html/projects/ticket/index.php(13): CApplication->run()
#5 {main} REQUEST_URI=/~eric/projects/ticket/ticket/find
2011/07/14 14:38:56 [error] [exception.CException] exception 'CException' with message 'Property "Ticket.problem" is not defined.' in /home/eric/public_html/yii-1.1.8.r3324/framework/base/CComponent.php:131
Stack trace:
#0 /home/eric/public_html/yii-1.1.8.r3324/framework/db/ar/CActiveRecord.php(129): CComponent->__get('problem')
#1 /home/eric/public_html/yii-1.1.8.r3324/framework/web/helpers/CHtml.php(2063): CActiveRecord->__get('problem')
#2 /home/eric/public_html/yii-1.1.8.r3324/framework/web/helpers/CHtml.php(1252): CHtml::resolveValue(Object(Ticket), 'problem')
#3 /home/eric/public_html/yii-1.1.8.r3324/framework/web/widgets/CActiveForm.php(613): CHtml::activeTextArea(Object(Ticket), 'problem', Array)
#4 /home/eric/public_html/projects/ticket/protected/views/ticket/_search.php(20): CActiveForm->textArea(Object(Ticket), 'problem', Array)
#5 /home/eric/public_html/yii-1.1.8.r3324/framework/web/CBaseController.php(119): require('/home/eric/publ...')
#6 /home/eric/public_html/yii-1.1.8.r3324/framework/web/CBaseController.php(88): CBaseController->renderInternal('/home/eric/publ...', Array, true)
#7 /home/eric/public_html/yii-1.1.8.r3324/framework/web/CController.php(866): CBaseController->renderFile('/home/eric/publ...', Array, true)
#8 /home/eric/public_html/projects/ticket/protected/views/ticket/admin.php(37): CController->renderPartial('_search', Array)
#9 /home/eric/public_html/yii-1.1.8.r3324/framework/web/CBaseController.php(119): require('/home/eric/publ...')
#10 /home/eric/public_html/yii-1.1.8.r3324/framework/web/CBaseController.php(88): CBaseController->renderInternal('/home/eric/publ...', Array, true)
#11 /home/eric/public_html/yii-1.1.8.r3324/framework/web/CController.php(866): CBaseController->renderFile('/home/eric/publ...', Array, true)
#12 /home/eric/public_html/yii-1.1.8.r3324/framework/web/CController.php(779): CController->renderPartial('admin', Array, true)
#13 /home/eric/public_html/projects/ticket/protected/controllers/TicketController.php(158): CController->render('admin', Array)
#14 /home/eric/public_html/yii-1.1.8.r3324/framework/web/actions/CInlineAction.php(50): TicketController->actionAdmin()
#15 /home/eric/public_html/yii-1.1.8.r3324/framework/web/CController.php(300): CInlineAction->runWithParams(Array)
#16 /home/eric/public_html/yii-1.1.8.r3324/framework/web/filters/CFilterChain.php(134): CController->runAction(Object(CInlineAction))
#17 /home/eric/public_html/yii-1.1.8.r3324/framework/web/filters/CFilter.php(41): CFilterChain->run()
#18 /home/eric/public_html/yii-1.1.8.r3324/framework/web/CController.php(1144): CFilter->filter(Object(CFilterChain))
#19 /home/eric/public_html/yii-1.1.8.r3324/framework/web/filters/CInlineFilter.php(59): CController->filterAccessControl(Object(CFilterChain))
#20 /home/eric/public_html/yii-1.1.8.r3324/framework/web/filters/CFilterChain.php(131): CInlineFilter->filter(Object(CFilterChain))
#21 /home/eric/public_html/yii-1.1.8.r3324/framework/web/CController.php(283): CFilterChain->run()
#22 /home/eric/public_html/yii-1.1.8.r3324/framework/web/CController.php(257): CController->runActionWithFilters(Object(CInlineAction), Array)
#23 /home/eric/public_html/yii-1.1.8.r3324/framework/web/CWebApplication.php(277): CController->run('admin')
#24 /home/eric/public_html/yii-1.1.8.r3324/framework/web/CWebApplication.php(136): CWebApplication->runController('ticket/admin')
#25 /home/eric/public_html/yii-1.1.8.r3324/framework/base/CApplication.php(158): CWebApplication->processRequest()
#26 /home/eric/public_html/projects/ticket/index.php(13): CApplication->run()
#27 {main} REQUEST_URI=/~eric/projects/ticket/ticket/admin
2011/07/14 14:44:31 [error] [exception.CHttpException.403] exception 'CHttpException' with message 'You do not have permission to access this page.' in /home/eric/public_html/projects/ticket/protected/controllers/TicketController.php:52
Stack trace:
#0 [internal function]: TicketController->actionView('2')
#1 /home/eric/public_html/yii-1.1.8.r3324/framework/web/actions/CAction.php(104): ReflectionMethod->invokeArgs(Object(TicketController), Array)
#2 /home/eric/public_html/yii-1.1.8.r3324/framework/web/actions/CInlineAction.php(48): CAction->runWithParamsInternal(Object(TicketController), Object(ReflectionMethod), Array)
#3 /home/eric/public_html/yii-1.1.8.r3324/framework/web/CController.php(300): CInlineAction->runWithParams(Array)
#4 /home/eric/public_html/yii-1.1.8.r3324/framework/web/filters/CFilterChain.php(134): CController->runAction(Object(CInlineAction))
#5 /home/eric/public_html/yii-1.1.8.r3324/framework/web/filters/CFilter.php(41): CFilterChain->run()
#6 /home/eric/public_html/yii-1.1.8.r3324/framework/web/CController.php(1144): CFilter->filter(Object(CFilterChain))
#7 /home/eric/public_html/yii-1.1.8.r3324/framework/web/filters/CInlineFilter.php(59): CController->filterAccessControl(Object(CFilterChain))
#8 /home/eric/public_html/yii-1.1.8.r3324/framework/web/filters/CFilterChain.php(131): CInlineFilter->filter(Object(CFilterChain))
#9 /home/eric/public_html/yii-1.1.8.r3324/framework/web/CController.php(283): CFilterChain->run()
#10 /home/eric/public_html/yii-1.1.8.r3324/framework/web/CController.php(257): CController->runActionWithFilters(Object(CInlineAction), Array)
#11 /home/eric/public_html/yii-1.1.8.r3324/framework/web/CWebApplication.php(277): CController->run('view')
#12 /home/eric/public_html/yii-1.1.8.r3324/framework/web/CWebApplication.php(136): CWebApplication->runController('ticket/view')
#13 /home/eric/public_html/yii-1.1.8.r3324/framework/base/CApplication.php(158): CWebApplication->processRequest()
#14 /home/eric/public_html/projects/ticket/index.php(13): CApplication->run()
#15 {main} REQUEST_URI=/~eric/projects/ticket/ticket/2
2011/07/14 14:53:21 [error] [exception.CHttpException.403] exception 'CHttpException' with message 'You are not authorized to perform this action.' in /home/eric/public_html/yii-1.1.8.r3324/framework/web/auth/CAccessControlFilter.php:158
Stack trace:
#0 /home/eric/public_html/yii-1.1.8.r3324/framework/web/auth/CAccessControlFilter.php(120): CAccessControlFilter->accessDenied(Object(CWebUser), 'You are not aut...')
#1 /home/eric/public_html/yii-1.1.8.r3324/framework/web/filters/CFilter.php(39): CAccessControlFilter->preFilter(Object(CFilterChain))
#2 /home/eric/public_html/yii-1.1.8.r3324/framework/web/CController.php(1144): CFilter->filter(Object(CFilterChain))
#3 /home/eric/public_html/yii-1.1.8.r3324/framework/web/filters/CInlineFilter.php(59): CController->filterAccessControl(Object(CFilterChain))
#4 /home/eric/public_html/yii-1.1.8.r3324/framework/web/filters/CFilterChain.php(131): CInlineFilter->filter(Object(CFilterChain))
#5 /home/eric/public_html/yii-1.1.8.r3324/framework/web/CController.php(283): CFilterChain->run()
#6 /home/eric/public_html/yii-1.1.8.r3324/framework/web/CController.php(257): CController->runActionWithFilters(Object(CInlineAction), Array)
#7 /home/eric/public_html/yii-1.1.8.r3324/framework/web/CWebApplication.php(277): CController->run('admin')
#8 /home/eric/public_html/yii-1.1.8.r3324/framework/web/CWebApplication.php(136): CWebApplication->runController('ticket/admin')
#9 /home/eric/public_html/yii-1.1.8.r3324/framework/base/CApplication.php(158): CWebApplication->processRequest()
#10 /home/eric/public_html/projects/ticket/index.php(13): CApplication->run()
#11 {main} REQUEST_URI=/~eric/projects/ticket/ticket/admin
2011/07/14 14:55:51 [error] [exception.CException] exception 'CException' with message 'Property "Ticket.date_created" is not defined.' in /home/eric/public_html/yii-1.1.8.r3324/framework/base/CComponent.php:131
Stack trace:
#0 /home/eric/public_html/yii-1.1.8.r3324/framework/db/ar/CActiveRecord.php(129): CComponent->__get('date_created')
#1 /home/eric/public_html/yii-1.1.8.r3324/framework/web/helpers/CHtml.php(2063): CActiveRecord->__get('date_created')
#2 /home/eric/public_html/yii-1.1.8.r3324/framework/web/helpers/CHtml.php(1791): CHtml::resolveValue(Object(Ticket), 'date_created')
#3 /home/eric/public_html/yii-1.1.8.r3324/framework/web/helpers/CHtml.php(1199): CHtml::activeInputField('text', Object(Ticket), 'date_created', Array)
#4 /home/eric/public_html/yii-1.1.8.r3324/framework/web/widgets/CActiveForm.php(568): CHtml::activeTextField(Object(Ticket), 'date_created', Array)
#5 /home/eric/public_html/projects/ticket/protected/views/ticket/_form.php(29): CActiveForm->textField(Object(Ticket), 'date_created')
#6 /home/eric/public_html/yii-1.1.8.r3324/framework/web/CBaseController.php(119): require('/home/eric/publ...')
#7 /home/eric/public_html/yii-1.1.8.r3324/framework/web/CBaseController.php(88): CBaseController->renderInternal('/home/eric/publ...', Array, true)
#8 /home/eric/public_html/yii-1.1.8.r3324/framework/web/CController.php(866): CBaseController->renderFile('/home/eric/publ...', Array, true)
#9 /home/eric/public_html/projects/ticket/protected/views/ticket/update.php(18): CController->renderPartial('_form', Array)
#10 /home/eric/public_html/yii-1.1.8.r3324/framework/web/CBaseController.php(119): require('/home/eric/publ...')
#11 /home/eric/public_html/yii-1.1.8.r3324/framework/web/CBaseController.php(88): CBaseController->renderInternal('/home/eric/publ...', Array, true)
#12 /home/eric/public_html/yii-1.1.8.r3324/framework/web/CController.php(866): CBaseController->renderFile('/home/eric/publ...', Array, true)
#13 /home/eric/public_html/yii-1.1.8.r3324/framework/web/CController.php(779): CController->renderPartial('update', Array, true)
#14 /home/eric/public_html/projects/ticket/protected/controllers/TicketController.php(114): CController->render('update', Array)
#15 [internal function]: TicketController->actionUpdate('2')
#16 /home/eric/public_html/yii-1.1.8.r3324/framework/web/actions/CAction.php(104): ReflectionMethod->invokeArgs(Object(TicketController), Array)
#17 /home/eric/public_html/yii-1.1.8.r3324/framework/web/actions/CInlineAction.php(48): CAction->runWithParamsInternal(Object(TicketController), Object(ReflectionMethod), Array)
#18 /home/eric/public_html/yii-1.1.8.r3324/framework/web/CController.php(300): CInlineAction->runWithParams(Array)
#19 /home/eric/public_html/yii-1.1.8.r3324/framework/web/filters/CFilterChain.php(134): CController->runAction(Object(CInlineAction))
#20 /home/eric/public_html/yii-1.1.8.r3324/framework/web/filters/CFilter.php(41): CFilterChain->run()
#21 /home/eric/public_html/yii-1.1.8.r3324/framework/web/CController.php(1144): CFilter->filter(Object(CFilterChain))
#22 /home/eric/public_html/yii-1.1.8.r3324/framework/web/filters/CInlineFilter.php(59): CController->filterAccessControl(Object(CFilterChain))
#23 /home/eric/public_html/yii-1.1.8.r3324/framework/web/filters/CFilterChain.php(131): CInlineFilter->filter(Object(CFilterChain))
#24 /home/eric/public_html/yii-1.1.8.r3324/framework/web/CController.php(283): CFilterChain->run()
#25 /home/eric/public_html/yii-1.1.8.r3324/framework/web/CController.php(257): CController->runActionWithFilters(Object(CInlineAction), Array)
#26 /home/eric/public_html/yii-1.1.8.r3324/framework/web/CWebApplication.php(277): CController->run('update')
#27 /home/eric/public_html/yii-1.1.8.r3324/framework/web/CWebApplication.php(136): CWebApplication->runController('ticket/update')
#28 /home/eric/public_html/yii-1.1.8.r3324/framework/base/CApplication.php(158): CWebApplication->processRequest()
#29 /home/eric/public_html/projects/ticket/index.php(13): CApplication->run()
#30 {main} REQUEST_URI=/~eric/projects/ticket/ticket/update/2
2011/07/14 15:00:17 [error] [exception.CHttpException.403] exception 'CHttpException' with message 'You are not authorized to perform this action.' in /home/eric/public_html/yii-1.1.8.r3324/framework/web/auth/CAccessControlFilter.php:158
Stack trace:
#0 /home/eric/public_html/yii-1.1.8.r3324/framework/web/auth/CAccessControlFilter.php(120): CAccessControlFilter->accessDenied(Object(CWebUser), 'You are not aut...')
#1 /home/eric/public_html/yii-1.1.8.r3324/framework/web/filters/CFilter.php(39): CAccessControlFilter->preFilter(Object(CFilterChain))
#2 /home/eric/public_html/yii-1.1.8.r3324/framework/web/CController.php(1144): CFilter->filter(Object(CFilterChain))
#3 /home/eric/public_html/yii-1.1.8.r3324/framework/web/filters/CInlineFilter.php(59): CController->filterAccessControl(Object(CFilterChain))
#4 /home/eric/public_html/yii-1.1.8.r3324/framework/web/filters/CFilterChain.php(131): CInlineFilter->filter(Object(CFilterChain))
#5 /home/eric/public_html/yii-1.1.8.r3324/framework/web/CController.php(283): CFilterChain->run()
#6 /home/eric/public_html/yii-1.1.8.r3324/framework/web/CController.php(257): CController->runActionWithFilters(Object(CInlineAction), Array)
#7 /home/eric/public_html/yii-1.1.8.r3324/framework/web/CWebApplication.php(277): CController->run('delete')
#8 /home/eric/public_html/yii-1.1.8.r3324/framework/web/CWebApplication.php(136): CWebApplication->runController('ticket/delete')
#9 /home/eric/public_html/yii-1.1.8.r3324/framework/base/CApplication.php(158): CWebApplication->processRequest()
#10 /home/eric/public_html/projects/ticket/index.php(13): CApplication->run()
#11 {main} REQUEST_URI=/~eric/projects/ticket/ticket/delete/4
2011/07/14 15:09:02 [error] [system.db.CDbCommand] CDbCommand::execute() failed: SQLSTATE[23000]: Integrity constraint violation: 19 foreign key constraint failed. The SQL statement executed was: INSERT INTO 'tbl_ticket' ("username", "description", "date_started", "date_ended", "date_modified") VALUES (:yp0, :yp1, :yp2, :yp3, :yp4).
in /home/eric/public_html/projects/ticket/protected/controllers/TicketController.php (79)
in /home/eric/public_html/projects/ticket/index.php (13)
2011/07/14 15:09:02 [error] [exception.CDbException] exception 'CDbException' with message 'CDbCommand failed to execute the SQL statement: SQLSTATE[23000]: Integrity constraint violation: 19 foreign key constraint failed. The SQL statement executed was: INSERT INTO 'tbl_ticket' ("username", "description", "date_started", "date_ended", "date_modified") VALUES (:yp0, :yp1, :yp2, :yp3, :yp4)' in /home/eric/public_html/yii-1.1.8.r3324/framework/db/CDbCommand.php:336
Stack trace:
#0 /home/eric/public_html/yii-1.1.8.r3324/framework/db/ar/CActiveRecord.php(1017): CDbCommand->execute()
#1 /home/eric/public_html/yii-1.1.8.r3324/framework/db/ar/CActiveRecord.php(781): CActiveRecord->insert(NULL)
#2 /home/eric/public_html/projects/ticket/protected/controllers/TicketController.php(79): CActiveRecord->save()
#3 /home/eric/public_html/yii-1.1.8.r3324/framework/web/actions/CInlineAction.php(50): TicketController->actionCreate()
#4 /home/eric/public_html/yii-1.1.8.r3324/framework/web/CController.php(300): CInlineAction->runWithParams(Array)
#5 /home/eric/public_html/yii-1.1.8.r3324/framework/web/filters/CFilterChain.php(134): CController->runAction(Object(CInlineAction))
#6 /home/eric/public_html/yii-1.1.8.r3324/framework/web/filters/CFilter.php(41): CFilterChain->run()
#7 /home/eric/public_html/yii-1.1.8.r3324/framework/web/CController.php(1144): CFilter->filter(Object(CFilterChain))
#8 /home/eric/public_html/yii-1.1.8.r3324/framework/web/filters/CInlineFilter.php(59): CController->filterAccessControl(Object(CFilterChain))
#9 /home/eric/public_html/yii-1.1.8.r3324/framework/web/filters/CFilterChain.php(131): CInlineFilter->filter(Object(CFilterChain))
#10 /home/eric/public_html/yii-1.1.8.r3324/framework/web/CController.php(283): CFilterChain->run()
#11 /home/eric/public_html/yii-1.1.8.r3324/framework/web/CController.php(257): CController->runActionWithFilters(Object(CInlineAction), Array)
#12 /home/eric/public_html/yii-1.1.8.r3324/framework/web/CWebApplication.php(277): CController->run('create')
#13 /home/eric/public_html/yii-1.1.8.r3324/framework/web/CWebApplication.php(136): CWebApplication->runController('ticket/create')
#14 /home/eric/public_html/yii-1.1.8.r3324/framework/base/CApplication.php(158): CWebApplication->processRequest()
#15 /home/eric/public_html/projects/ticket/index.php(13): CApplication->run()
#16 {main} REQUEST_URI=/~eric/projects/ticket/ticket/create
2011/07/14 15:14:51 [error] [system.db.CDbCommand] CDbCommand::execute() failed: SQLSTATE[23000]: Integrity constraint violation: 19 foreign key constraint failed. The SQL statement executed was: INSERT INTO 'tbl_ticket' ("username", "description", "date_started", "date_ended", "date_modified") VALUES (:yp0, :yp1, :yp2, :yp3, :yp4).
in /home/eric/public_html/projects/ticket/protected/controllers/TicketController.php (80)
in /home/eric/public_html/projects/ticket/index.php (13)
2011/07/14 16:08:19 [error] [exception.CHttpException.404] exception 'CHttpException' with message 'Unable to resolve the request "favicon.ico".' in /home/eric/public_html/projects/ticket/framework/web/CWebApplication.php:281
Stack trace:
#0 /home/eric/public_html/projects/ticket/framework/web/CWebApplication.php(136): CWebApplication->runController('favicon.ico')
#1 /home/eric/public_html/projects/ticket/framework/base/CApplication.php(158): CWebApplication->processRequest()
#2 /home/eric/public_html/projects/ticket/index.php(17): CApplication->run()
#3 {main} REQUEST_URI=/favicon.ico
2011/07/14 16:08:19 [error] [exception.CHttpException.404] exception 'CHttpException' with message 'Unable to resolve the request "favicon.ico".' in /home/eric/public_html/projects/ticket/framework/web/CWebApplication.php:281
Stack trace:
#0 /home/eric/public_html/projects/ticket/framework/web/CWebApplication.php(136): CWebApplication->runController('favicon.ico')
#1 /home/eric/public_html/projects/ticket/framework/base/CApplication.php(158): CWebApplication->processRequest()
#2 /home/eric/public_html/projects/ticket/index.php(17): CApplication->run()
#3 {main} REQUEST_URI=/favicon.ico
2011/07/14 16:09:10 [error] [system.db.CDbCommand] CDbCommand::execute() failed: SQLSTATE[23000]: Integrity constraint violation: 19 foreign key constraint failed. The SQL statement executed was: INSERT INTO 'tbl_ticket' ("username", "description", "date_started", "date_ended", "date_modified") VALUES (:yp0, :yp1, :yp2, :yp3, :yp4).
in /home/eric/public_html/projects/ticket/protected/controllers/TicketController.php (80)
in /home/eric/public_html/projects/ticket/index.php (17)
2011/07/18 08:59:02 [error] [exception.CHttpException.404] exception 'CHttpException' with message 'Unable to resolve the request "favicon.ico".' in /home/eric/public_html/projects/ticket/framework/web/CWebApplication.php:281
Stack trace:
#0 /home/eric/public_html/projects/ticket/framework/web/CWebApplication.php(136): CWebApplication->runController('favicon.ico')
#1 /home/eric/public_html/projects/ticket/framework/base/CApplication.php(158): CWebApplication->processRequest()
#2 /home/eric/public_html/projects/ticket/index.php(17): CApplication->run()
#3 {main} REQUEST_URI=/favicon.ico
2011/07/18 08:59:02 [error] [exception.CHttpException.404] exception 'CHttpException' with message 'Unable to resolve the request "favicon.ico".' in /home/eric/public_html/projects/ticket/framework/web/CWebApplication.php:281
Stack trace:
#0 /home/eric/public_html/projects/ticket/framework/web/CWebApplication.php(136): CWebApplication->runController('favicon.ico')
#1 /home/eric/public_html/projects/ticket/framework/base/CApplication.php(158): CWebApplication->processRequest()
#2 /home/eric/public_html/projects/ticket/index.php(17): CApplication->run()
#3 {main} REQUEST_URI=/favicon.ico
